<?xml version="1.0" encoding="UTF-8"?>
<!-- Generated by org.testng.reporters.JUnitXMLReporter -->
<testsuite hostname="DESKTOP-M0CU1NU" name="Test" tests="10" failures="1" timestamp="4 Feb 2020 17:44:21 GMT" time="43.741" errors="0">
  <testcase name="firstAvatar" time="8.259" classname="demos.Assignment"/>
  <testcase name="jsConfirmAlerts" time="0.676" classname="demos.Assignment"/>
  <testcase name="keyEvent" time="2.196" classname="demos.Assignment"/>
  <testcase name="windowSwitch" time="4.648" classname="demos.Assignment"/>
  <testcase name="contextClick" time="0.68" classname="demos.Assignment"/>
  <testcase name="sorting" time="1.018" classname="demos.Assignment"/>
  <testcase name="snapshot" time="1.018" classname="demos.Assignment">
    <failure type="java.lang.AssertionError" message="The following asserts failed:
	expected [false] but found [true]">
      <![CDATA[java.lang.AssertionError: The following asserts failed:
	expected [false] but found [true]
	at demos.Assignment.snapshot(Assignment.java:202)
... Removed 26 stack frames]]>
    </failure>
  </testcase> <!-- snapshot -->
  <testcase name="nestedFrames" time="10.413" classname="demos.Assignment"/>
  <testcase name="editorFrame" time="2.44" classname="demos.Assignment"/>
  <testcase name="dropdown" time="0.454" classname="demos.Assignment"/>
</testsuite> <!-- Test -->
